This is pdfTeX, Version 3.14159265-2.6-1.40.16 (TeX Live 2015/W32TeX) (preloaded format=pdflatex 2016.4.18)  24 AUG 2016 16:25
entering extended mode
 restricted \write18 enabled.
 %&-line parsing enabled.
**./template_Report.tex
(./template_Report.tex
LaTeX2e <2016/03/31>
Babel <3.9q> and hyphenation patterns for 81 language(s) loaded.
(c:/texlive/2015/texmf-dist/tex/latex/base/report.cls
Document Class: report 2014/09/29 v1.4h Standard LaTeX document class
(c:/texlive/2015/texmf-dist/tex/latex/base/size10.clo
File: size10.clo 2014/09/29 v1.4h Standard LaTeX file (size option)
)
\c@part=\count79
\c@chapter=\count80
\c@section=\count81
\c@subsection=\count82
\c@subsubsection=\count83
\c@paragraph=\count84
\c@subparagraph=\count85
\c@figure=\count86
\c@table=\count87
\abovecaptionskip=\skip41
\belowcaptionskip=\skip42
\bibindent=\dimen102
) (./template_Report.aux)
\openout1 = `template_Report.aux'.

LaTeX Font Info:    Checking defaults for OML/cmm/m/it on input line 9.
LaTeX Font Info:    ... okay on input line 9.
LaTeX Font Info:    Checking defaults for T1/cmr/m/n on input line 9.
LaTeX Font Info:    ... okay on input line 9.
LaTeX Font Info:    Checking defaults for OT1/cmr/m/n on input line 9.
LaTeX Font Info:    ... okay on input line 9.
LaTeX Font Info:    Checking defaults for OMS/cmsy/m/n on input line 9.
LaTeX Font Info:    ... okay on input line 9.
LaTeX Font Info:    Checking defaults for OMX/cmex/m/n on input line 9.
LaTeX Font Info:    ... okay on input line 9.
LaTeX Font Info:    Checking defaults for U/cmr/m/n on input line 9.
LaTeX Font Info:    ... okay on input line 9.
LaTeX Font Info:    External font `cmex10' loaded for size
(Font)              <12> on input line 10.
LaTeX Font Info:    External font `cmex10' loaded for size
(Font)              <8> on input line 10.
LaTeX Font Info:    External font `cmex10' loaded for size
(Font)              <6> on input line 10.
[1

{c:/texlive/2015/texmf-var/fonts/map/pdftex/updmap/pdftex.map}] [1]
(./template_Report.toc
LaTeX Font Info:    External font `cmex10' loaded for size
(Font)              <7> on input line 2.
LaTeX Font Info:    External font `cmex10' loaded for size
(Font)              <5> on input line 2.
)
\tf@toc=\write3
\openout3 = `template_Report.toc'.

 (./Introduction.tex [1

]
Chapter 1.
) (./Background.tex [2

]
Chapter 2.
) (./AnalysisDescription.tex [3

]
Chapter 3.
) (./Results.tex [4

]
Chapter 4.
) (./Conclusion.tex [5

]
Chapter 5.
) (./Bibiography.tex [6

]
Chapter 6.
) [7

] (./template_Report.aux) ) 
Here is how much of TeX's memory you used:
 276 strings out of 493027
 3123 string characters out of 6137684
 55546 words of memory out of 5000000
 3872 multiletter control sequences out of 15000+600000
 8800 words of font info for 31 fonts, out of 8000000 for 9000
 1141 hyphenation exceptions out of 8191
 23i,6n,18p,136b,179s stack positions out of 5000i,500n,10000p,200000b,80000s
<c:/texlive/2015/texmf-dist/fonts/type1/public/amsfo
nts/cm/cmbx10.pfb><c:/texlive/2015/texmf-dist/fonts/type1/public/amsfonts/cm/cm
bx12.pfb><c:/texlive/2015/texmf-dist/fonts/type1/public/amsfonts/cm/cmr10.pfb><
c:/texlive/2015/texmf-dist/fonts/type1/public/amsfonts/cm/cmr12.pfb><c:/texlive
/2015/texmf-dist/fonts/type1/public/amsfonts/cm/cmr17.pfb>
Output written on template_Report.pdf (9 pages, 70590 bytes).
PDF statistics:
 54 PDF objects out of 1000 (max. 8388607)
 37 compressed objects within 1 object stream
 0 named destinations out of 1000 (max. 500000)
 1 words of extra memory for PDF output out of 10000 (max. 10000000)

